[INFO] Configuration loaded from F:\Replica\NAS\Files\repo\github\as-stagefx\tools\..\config\package-config.json
[INFO] Cleaning packages directory: F:\Replica\NAS\Files\repo\github\as-stagefx\tools\..\packages
[INFO] No package folders to clean in packages directory
[INFO] Found 63 shader files
[INFO] Found 5 FXH files and 3 texture files for dependency tracking
[INFO] Skipping prerelease shader: [PRE] AS_GFX_ArtDecoFrame.1.fx
[INFO] Dynamic package generation is enabled
[INFO] Generating dynamic package: complete
[INFO]   Including all textures
[INFO]   Including all available shaders
[INFO]     lfx: 3 shaders
[INFO]     other: 1 shaders
[INFO]     vfx: 21 shaders
[INFO]     bgx: 26 shaders
[INFO]     gfx: 7 shaders
[INFO]   Total shaders included: 58
[INFO] Generating dynamic package: backgrounds
[INFO]   Inheriting from: essentials
[INFO]   Including categories: bgx
[INFO]     bgx: 26 shaders
[INFO]   Total shaders included: 26
[INFO] Generating dynamic package: visualeffects
[INFO]   Inheriting from: essentials
[INFO]   Including categories: vfx, lfx, gfx, afx
[INFO]     vfx: 21 shaders
[INFO]     lfx: 3 shaders
[INFO]     gfx: 7 shaders
[INFO]   Total shaders included: 31
[INFO] Processing Dynamic package: AS_StageFX (58 shaders)
[INFO] Copying all available textures for dynamic package: complete
[INFO] Processing package: AS_StageFX
[INFO]   58 primary shaders for this package.
[INFO]   Resolved dependencies: 4 FXH files, 3 textures.
DEBUG MANIFEST: Adding package 'AS_StageFX' with 58 shaders
DEBUG MANIFEST: First 3 shaders: AS_LFX_CandleFlame.1.fx, AS_LFX_LaserShow.1.fx, AS_LFX_StageSpotlights.1.fx
[INFO] Processing Explicit package: AS_StageFX_Essentials (16 shaders)
[INFO] Processing package: AS_StageFX_Essentials
[INFO]   16 primary shaders for this package.
[INFO]   Resolved dependencies: 4 FXH files, 0 textures.
DEBUG MANIFEST: Adding package 'AS_StageFX_Essentials' with 16 shaders
DEBUG MANIFEST: First 3 shaders: AS_Utils.1.fxh, AS_Noise.1.fxh, AS_Perspective.1.fxh
[INFO] Processing Dynamic package: AS_StageFX_VisualEffects (39 shaders)
[INFO] Processing package: AS_StageFX_VisualEffects
[INFO]   39 primary shaders for this package.
[INFO]   Resolved dependencies: 5 FXH files, 3 textures.
DEBUG MANIFEST: Adding package 'AS_StageFX_VisualEffects' with 39 shaders
DEBUG MANIFEST: First 3 shaders: AS_Utils.1.fxh, AS_Noise.1.fxh, AS_Perspective.1.fxh
[INFO] Processing Dynamic package: AS_StageFX_Backgrounds (39 shaders)
[INFO] Processing package: AS_StageFX_Backgrounds
[INFO]   39 primary shaders for this package.
[INFO]   Resolved dependencies: 4 FXH files, 1 textures.
DEBUG MANIFEST: Adding package 'AS_StageFX_Backgrounds' with 39 shaders
DEBUG MANIFEST: First 3 shaders: AS_Utils.1.fxh, AS_Noise.1.fxh, AS_Perspective.1.fxh
[INFO] Processing Explicit package: AS_StageFX_GPosingway (33 shaders)
[INFO] Processing package: AS_StageFX_GPosingway
[INFO]   33 primary shaders for this package.
[INFO]   Resolved dependencies: 5 FXH files, 3 textures.
DEBUG MANIFEST: Adding package 'AS_StageFX_GPosingway' with 33 shaders
DEBUG MANIFEST: First 3 shaders: AS_Utils.1.fxh, AS_Noise.1.fxh, AS_Perspective.1.fxh
[SUCCESS] All packages processed.
[INFO] Generating package manifest: F:\Replica\NAS\Files\repo\github\as-stagefx\tools\..\packages\package-manifest.json
DEBUG MANIFEST: Received 5 packages for manifest
DEBUG MANIFEST: Package 'AS_StageFX' has 58 shaders, first shader: 'AS_LFX_CandleFlame.1.fx'
DEBUG MANIFEST: Package 'AS_StageFX_Essentials' has 16 shaders, first shader: 'AS_Utils.1.fxh'
DEBUG MANIFEST: Package 'AS_StageFX_VisualEffects' has 39 shaders, first shader: 'AS_Utils.1.fxh'
DEBUG MANIFEST: Package 'AS_StageFX_Backgrounds' has 39 shaders, first shader: 'AS_Utils.1.fxh'
DEBUG MANIFEST: Package 'AS_StageFX_GPosingway' has 33 shaders, first shader: 'AS_Utils.1.fxh'
DEBUG MANIFEST: Sorting packages...
DEBUG MANIFEST: Package 'AS_StageFX' -> key '' -> order -1
DEBUG MANIFEST: Package 'AS_StageFX_Essentials' -> key 'Essentials' -> order -1
DEBUG MANIFEST: Package 'AS_StageFX_VisualEffects' -> key 'VisualEffects' -> order -1
DEBUG MANIFEST: Package 'AS_StageFX_Backgrounds' -> key 'Backgrounds' -> order -1
DEBUG MANIFEST: Package 'AS_StageFX_GPosingway' -> key 'GPosingway' -> order -1
DEBUG MANIFEST: After sorting, processing 5 packages:
DEBUG MANIFEST: - 'AS_StageFX' with 58 shaders
DEBUG MANIFEST: - 'AS_StageFX_Backgrounds' with 39 shaders
DEBUG MANIFEST: - 'AS_StageFX_Essentials' with 16 shaders
DEBUG MANIFEST: - 'AS_StageFX_GPosingway' with 33 shaders
DEBUG MANIFEST: - 'AS_StageFX_VisualEffects' with 39 shaders
[SUCCESS] Package manifest generated: F:\Replica\NAS\Files\repo\github\as-stagefx\tools\..\packages\package-manifest.json
[INFO] Creating ZIP archives for packages...
[SUCCESS] Created ZIP archive: F:\Replica\NAS\Files\repo\github\as-stagefx\tools\..\packages\AS_StageFX.zip
[SUCCESS] Created ZIP archive: F:\Replica\NAS\Files\repo\github\as-stagefx\tools\..\packages\AS_StageFX_Essentials.zip
[SUCCESS] Created ZIP archive: F:\Replica\NAS\Files\repo\github\as-stagefx\tools\..\packages\AS_StageFX_VisualEffects.zip
[SUCCESS] Created ZIP archive: F:\Replica\NAS\Files\repo\github\as-stagefx\tools\..\packages\AS_StageFX_Backgrounds.zip
[SUCCESS] Created ZIP archive: F:\Replica\NAS\Files\repo\github\as-stagefx\tools\..\packages\AS_StageFX_GPosingway.zip
[INFO] Removing package folders (keeping only ZIPs and manifest)...
[SUCCESS] Removed 5 package folders, keeping only ZIP files and manifest
[SUCCESS] catalog.json updated with new shaders, sorted, and pretty-printed.
[INFO] catalog-statistics.json updated for README rendering.
[SUCCESS] README.md rendered from template and catalog statistics.
